[
  {
    "name": "노승국",
    "crawl_object": "1",
    "start_day": "20010101",
    "end_day": "20240630",
    "option_select": "2",
    "keyword": "\"중소기업\" + \"ESG\"",
    "uploadToDrive": "yes",
    "timestamp": "2024-07-07T15:01:59.840Z"
  },
  {
    "name": "노승국",
    "crawl_object": "1",
    "start_day": "20200101",
    "end_day": "20240630",
    "option_select": "1",
    "keyword": "학교폭력",
    "uploadToDrive": "1",
    "timestamp": "2024-07-21T05:12:03.863Z"
  },
  {
    "name": "노승국",
    "crawl_object": "3",
    "start_day": "20000101",
    "end_day": "20240630",
    "option_select": "2",
    "keyword": "학교폭력",
    "uploadToDrive": "1",
    "timestamp": "2024-07-27T00:07:40.201Z"
  },
  {
    "name": "노승국",
    "crawl_object": "4",
    "start_day": "20000101",
    "end_day": "20240630",
    "option_select": "2",
    "keyword": "교제폭력",
    "uploadToDrive": "1",
    "timestamp": "2024-07-27T03:13:31.635Z"
  },
  {
    "name": "노승국",
    "crawl_object": "1",
    "start_day": "20000101",
    "end_day": "20240630",
    "option_select": "1",
    "keyword": "학교폭력",
    "uploadToDrive": "1",
    "timestamp": "2024-07-27T21:05:42.588Z"
  },
  {
    "name": "노승국",
    "crawl_object": "4",
    "start_day": "20000101",
    "end_day": "20240630",
    "option_select": "2",
    "keyword": "ESG",
    "uploadToDrive": "1",
    "timestamp": "2024-07-28T00:36:04.936Z"
  },
  {
    "name": "노승국",
    "crawl_object": "3",
    "start_day": "20000101",
    "end_day": "20240630",
    "option_select": "2",
    "keyword": "학교폭력",
    "uploadToDrive": "1",
    "timestamp": "2024-07-28T04:27:16.843Z"
  },
  {
    "name": "노승국",
    "crawl_object": "1",
    "start_day": "20000101",
    "end_day": "20140630",
    "option_select": "2",
    "keyword": "청소년 마약",
    "uploadToDrive": "1",
    "timestamp": "2024-07-28T10:42:00.208Z"
  },
  {
    "name": "admin",
    "crawl_object": "1",
    "start_day": "20230101",
    "end_day": "20231231",
    "option_select": "1",
    "keyword": "자전거",
    "uploadToDrive": "0",
    "timestamp": "2024-07-31T06:11:47.230Z"
  },
  {
    "name": "admin",
    "crawl_object": "2",
    "start_day": "20230101",
    "end_day": "20231231",
    "option_select": "2",
    "keyword": "무고죄",
    "uploadToDrive": "0",
    "timestamp": "2024-07-31T14:11:24.509Z"
  },
  {
    "name": "admin",
    "crawl_object": "1",
    "start_day": "20230101",
    "end_day": "20230131",
    "option_select": "1",
    "keyword": "무고죄",
    "uploadToDrive": "0",
    "timestamp": "2024-08-01T15:05:24.491Z"
  },
  {
    "name": "admin",
    "crawl_object": "1",
    "start_day": "20230101",
    "end_day": "20230131",
    "option_select": "1",
    "keyword": "무고죄",
    "uploadToDrive": "0",
    "timestamp": "2024-08-01T15:07:13.567Z"
  },
  {
    "name": "admin",
    "crawl_object": "1",
    "start_day": "20230101",
    "end_day": "20231231",
    "option_select": "1",
    "keyword": "무고죄",
    "uploadToDrive": "0",
    "timestamp": "2024-08-01T15:47:20.323Z"
  },
  {
    "name": "admin",
    "crawl_object": "1",
    "start_day": "20230101",
    "end_day": "20230101",
    "option_select": "1",
    "keyword": "아이패드",
    "uploadToDrive": "0",
    "timestamp": "2024-08-03T06:48:28.893Z"
  },
  {
    "name": "admin",
    "crawl_object": "1",
    "start_day": "20230102",
    "end_day": "20230102",
    "option_select": "1",
    "keyword": "아이패드",
    "uploadToDrive": "0",
    "timestamp": "2024-08-03T06:49:22.977Z"
  },
  {
    "name": "admin",
    "crawl_object": "1",
    "start_day": "20230104",
    "end_day": "20230104",
    "option_select": "1",
    "keyword": "아이패드",
    "uploadToDrive": "0",
    "timestamp": "2024-08-03T06:50:13.690Z"
  },
  {
    "name": "admin",
    "crawl_object": "1",
    "start_day": "20230103",
    "end_day": "20230103",
    "option_select": "1",
    "keyword": "아이패드",
    "uploadToDrive": "0",
    "timestamp": "2024-08-03T06:50:56.520Z"
  },
  {
    "name": "admin",
    "crawl_object": "1",
    "start_day": "20230101",
    "end_day": "20230101",
    "option_select": "1",
    "keyword": "아이패드",
    "uploadToDrive": "0",
    "timestamp": "2024-08-03T07:52:36.681Z"
  },
  {
    "name": "최우철",
    "crawl_object": "1",
    "start_day": "20240801",
    "end_day": "20240801",
    "option_select": "1",
    "keyword": "경찰 인사",
    "uploadToDrive": "0",
    "timestamp": "2024-08-03T13:31:50.651Z"
  },
  {
    "name": "admin",
    "crawl_object": "1",
    "start_day": "20230101",
    "end_day": "20230101",
    "option_select": "1",
    "keyword": "파이썬",
    "uploadToDrive": "0",
    "timestamp": "2024-08-04T12:48:43.734Z"
  }
]
[
  {
    name: '노승국',
    crawl_object: '1',
    start_day: '20010101',
    end_day: '20240630',
    option_select: '2',
    keyword: '"중소기업" + "ESG"',
    uploadToDrive: 'yes',
    timestamp: '2024-07-07T15:01:59.840Z'
  },
  {
    name: '노승국',
    crawl_object: '1',
    start_day: '20200101',
    end_day: '20240630',
    option_select: '1',
    keyword: '학교폭력',
    uploadToDrive: '1',
    timestamp: '2024-07-21T05:12:03.863Z'
  },
  {
    name: '노승국',
    crawl_object: '3',
    start_day: '20000101',
    end_day: '20240630',
    option_select: '2',
    keyword: '학교폭력',
    uploadToDrive: '1',
    timestamp: '2024-07-27T00:07:40.201Z'
  },
  {
    name: '노승국',
    crawl_object: '4',
    start_day: '20000101',
    end_day: '20240630',
    option_select: '2',
    keyword: '교제폭력',
    uploadToDrive: '1',
    timestamp: '2024-07-27T03:13:31.635Z'
  },
  {
    name: '노승국',
    crawl_object: '1',
    start_day: '20000101',
    end_day: '20240630',
    option_select: '1',
    keyword: '학교폭력',
    uploadToDrive: '1',
    timestamp: '2024-07-27T21:05:42.588Z'
  },
  {
    name: '노승국',
    crawl_object: '4',
    start_day: '20000101',
    end_day: '20240630',
    option_select: '2',
    keyword: 'ESG',
    uploadToDrive: '1',
    timestamp: '2024-07-28T00:36:04.936Z'
  },
  {
    name: '노승국',
    crawl_object: '3',
    start_day: '20000101',
    end_day: '20240630',
    option_select: '2',
    keyword: '학교폭력',
    uploadToDrive: '1',
    timestamp: '2024-07-28T04:27:16.843Z'
  },
  {
    name: '노승국',
    crawl_object: '1',
    start_day: '20000101',
    end_day: '20140630',
    option_select: '2',
    keyword: '청소년 마약',
    uploadToDrive: '1',
    timestamp: '2024-07-28T10:42:00.208Z'
  },
  {
    name: 'admin',
    crawl_object: '1',
    start_day: '20230101',
    end_day: '20231231',
    option_select: '1',
    keyword: '자전거',
    uploadToDrive: '0',
    timestamp: '2024-07-31T06:11:47.230Z'
  },
  {
    name: 'admin',
    crawl_object: '2',
    start_day: '20230101',
    end_day: '20231231',
    option_select: '2',
    keyword: '무고죄',
    uploadToDrive: '0',
    timestamp: '2024-07-31T14:11:24.509Z'
  },
  {
    name: 'admin',
    crawl_object: '1',
    start_day: '20230101',
    end_day: '20230131',
    option_select: '1',
    keyword: '무고죄',
    uploadToDrive: '0',
    timestamp: '2024-08-01T15:05:24.491Z'
  },
  {
    name: 'admin',
    crawl_object: '1',
    start_day: '20230101',
    end_day: '20230131',
    option_select: '1',
    keyword: '무고죄',
    uploadToDrive: '0',
    timestamp: '2024-08-01T15:07:13.567Z'
  },
  {
    name: 'admin',
    crawl_object: '1',
    start_day: '20230101',
    end_day: '20231231',
    option_select: '1',
    keyword: '무고죄',
    uploadToDrive: '0',
    timestamp: '2024-08-01T15:47:20.323Z'
  },
  {
    name: 'admin',
    crawl_object: '1',
    start_day: '20230101',
    end_day: '20230101',
    option_select: '1',
    keyword: '아이패드',
    uploadToDrive: '0',
    timestamp: '2024-08-03T06:48:28.893Z'
  },
  {
    name: 'admin',
    crawl_object: '1',
    start_day: '20230102',
    end_day: '20230102',
    option_select: '1',
    keyword: '아이패드',
    uploadToDrive: '0',
    timestamp: '2024-08-03T06:49:22.977Z'
  },
  {
    name: 'admin',
    crawl_object: '1',
    start_day: '20230104',
    end_day: '20230104',
    option_select: '1',
    keyword: '아이패드',
    uploadToDrive: '0',
    timestamp: '2024-08-03T06:50:13.690Z'
  },
  {
    name: 'admin',
    crawl_object: '1',
    start_day: '20230103',
    end_day: '20230103',
    option_select: '1',
    keyword: '아이패드',
    uploadToDrive: '0',
    timestamp: '2024-08-03T06:50:56.520Z'
  },
  {
    name: 'admin',
    crawl_object: '1',
    start_day: '20230101',
    end_day: '20230101',
    option_select: '1',
    keyword: '아이패드',
    uploadToDrive: '0',
    timestamp: '2024-08-03T07:52:36.681Z'
  },
  {
    name: '최우철',
    crawl_object: '1',
    start_day: '20240801',
    end_day: '20240801',
    option_select: '1',
    keyword: '경찰 인사',
    uploadToDrive: '0',
    timestamp: '2024-08-03T13:31:50.651Z'
  },
  {
    name: 'admin',
    crawl_object: '1',
    start_day: '20230101',
    end_day: '20230101',
    option_select: '1',
    keyword: '파이썬',
    uploadToDrive: '0',
    timestamp: '2024-08-04T12:48:43.734Z'
  }
]
Crawl data saved successfully.
[
  {
    "name": "노승국",
    "crawl_object": "1",
    "start_day": "20010101",
    "end_day": "20240630",
    "option_select": "2",
    "keyword": "\"중소기업\" + \"ESG\"",
    "uploadToDrive": "yes",
    "timestamp": "2024-07-07T15:01:59.840Z"
  },
  {
    "name": "노승국",
    "crawl_object": "1",
    "start_day": "20200101",
    "end_day": "20240630",
    "option_select": "1",
    "keyword": "학교폭력",
    "uploadToDrive": "1",
    "timestamp": "2024-07-21T05:12:03.863Z"
  },
  {
    "name": "노승국",
    "crawl_object": "3",
    "start_day": "20000101",
    "end_day": "20240630",
    "option_select": "2",
    "keyword": "학교폭력",
    "uploadToDrive": "1",
    "timestamp": "2024-07-27T00:07:40.201Z"
  },
  {
    "name": "노승국",
    "crawl_object": "4",
    "start_day": "20000101",
    "end_day": "20240630",
    "option_select": "2",
    "keyword": "교제폭력",
    "uploadToDrive": "1",
    "timestamp": "2024-07-27T03:13:31.635Z"
  },
  {
    "name": "노승국",
    "crawl_object": "1",
    "start_day": "20000101",
    "end_day": "20240630",
    "option_select": "1",
    "keyword": "학교폭력",
    "uploadToDrive": "1",
    "timestamp": "2024-07-27T21:05:42.588Z"
  },
  {
    "name": "노승국",
    "crawl_object": "4",
    "start_day": "20000101",
    "end_day": "20240630",
    "option_select": "2",
    "keyword": "ESG",
    "uploadToDrive": "1",
    "timestamp": "2024-07-28T00:36:04.936Z"
  },
  {
    "name": "노승국",
    "crawl_object": "3",
    "start_day": "20000101",
    "end_day": "20240630",
    "option_select": "2",
    "keyword": "학교폭력",
    "uploadToDrive": "1",
    "timestamp": "2024-07-28T04:27:16.843Z"
  },
  {
    "name": "노승국",
    "crawl_object": "1",
    "start_day": "20000101",
    "end_day": "20140630",
    "option_select": "2",
    "keyword": "청소년 마약",
    "uploadToDrive": "1",
    "timestamp": "2024-07-28T10:42:00.208Z"
  },
  {
    "name": "admin",
    "crawl_object": "1",
    "start_day": "20230101",
    "end_day": "20231231",
    "option_select": "1",
    "keyword": "자전거",
    "uploadToDrive": "0",
    "timestamp": "2024-07-31T06:11:47.230Z"
  },
  {
    "name": "admin",
    "crawl_object": "2",
    "start_day": "20230101",
    "end_day": "20231231",
    "option_select": "2",
    "keyword": "무고죄",
    "uploadToDrive": "0",
    "timestamp": "2024-07-31T14:11:24.509Z"
  },
  {
    "name": "admin",
    "crawl_object": "1",
    "start_day": "20230101",
    "end_day": "20230131",
    "option_select": "1",
    "keyword": "무고죄",
    "uploadToDrive": "0",
    "timestamp": "2024-08-01T15:05:24.491Z"
  },
  {
    "name": "admin",
    "crawl_object": "1",
    "start_day": "20230101",
    "end_day": "20230131",
    "option_select": "1",
    "keyword": "무고죄",
    "uploadToDrive": "0",
    "timestamp": "2024-08-01T15:07:13.567Z"
  },
  {
    "name": "admin",
    "crawl_object": "1",
    "start_day": "20230101",
    "end_day": "20231231",
    "option_select": "1",
    "keyword": "무고죄",
    "uploadToDrive": "0",
    "timestamp": "2024-08-01T15:47:20.323Z"
  },
  {
    "name": "admin",
    "crawl_object": "1",
    "start_day": "20230101",
    "end_day": "20230101",
    "option_select": "1",
    "keyword": "아이패드",
    "uploadToDrive": "0",
    "timestamp": "2024-08-03T06:48:28.893Z"
  },
  {
    "name": "admin",
    "crawl_object": "1",
    "start_day": "20230102",
    "end_day": "20230102",
    "option_select": "1",
    "keyword": "아이패드",
    "uploadToDrive": "0",
    "timestamp": "2024-08-03T06:49:22.977Z"
  },
  {
    "name": "admin",
    "crawl_object": "1",
    "start_day": "20230104",
    "end_day": "20230104",
    "option_select": "1",
    "keyword": "아이패드",
    "uploadToDrive": "0",
    "timestamp": "2024-08-03T06:50:13.690Z"
  },
  {
    "name": "admin",
    "crawl_object": "1",
    "start_day": "20230103",
    "end_day": "20230103",
    "option_select": "1",
    "keyword": "아이패드",
    "uploadToDrive": "0",
    "timestamp": "2024-08-03T06:50:56.520Z"
  },
  {
    "name": "admin",
    "crawl_object": "1",
    "start_day": "20230101",
    "end_day": "20230101",
    "option_select": "1",
    "keyword": "아이패드",
    "uploadToDrive": "0",
    "timestamp": "2024-08-03T07:52:36.681Z"
  },
  {
    "name": "최우철",
    "crawl_object": "1",
    "start_day": "20240801",
    "end_day": "20240801",
    "option_select": "1",
    "keyword": "경찰 인사",
    "uploadToDrive": "0",
    "timestamp": "2024-08-03T13:31:50.651Z"
  },
  {
    "name": "admin",
    "crawl_object": "1",
    "start_day": "20230101",
    "end_day": "20230101",
    "option_select": "1",
    "keyword": "파이썬",
    "uploadToDrive": "0",
    "timestamp": "2024-08-04T12:48:43.734Z"
  },
  {
    "name": "admin",
    "crawl_object": "1",
    "start_day": "20230101",
    "end_day": "20230131",
    "option_select": "1",
    "keyword": "파이썬",
    "uploadToDrive": "0",
    "timestamp": "2024-08-04T13:02:28.954Z"
  }
]
[
  {
    name: '노승국',
    crawl_object: '1',
    start_day: '20010101',
    end_day: '20240630',
    option_select: '2',
    keyword: '"중소기업" + "ESG"',
    uploadToDrive: 'yes',
    timestamp: '2024-07-07T15:01:59.840Z'
  },
  {
    name: '노승국',
    crawl_object: '1',
    start_day: '20200101',
    end_day: '20240630',
    option_select: '1',
    keyword: '학교폭력',
    uploadToDrive: '1',
    timestamp: '2024-07-21T05:12:03.863Z'
  },
  {
    name: '노승국',
    crawl_object: '3',
    start_day: '20000101',
    end_day: '20240630',
    option_select: '2',
    keyword: '학교폭력',
    uploadToDrive: '1',
    timestamp: '2024-07-27T00:07:40.201Z'
  },
  {
    name: '노승국',
    crawl_object: '4',
    start_day: '20000101',
    end_day: '20240630',
    option_select: '2',
    keyword: '교제폭력',
    uploadToDrive: '1',
    timestamp: '2024-07-27T03:13:31.635Z'
  },
  {
    name: '노승국',
    crawl_object: '1',
    start_day: '20000101',
    end_day: '20240630',
    option_select: '1',
    keyword: '학교폭력',
    uploadToDrive: '1',
    timestamp: '2024-07-27T21:05:42.588Z'
  },
  {
    name: '노승국',
    crawl_object: '4',
    start_day: '20000101',
    end_day: '20240630',
    option_select: '2',
    keyword: 'ESG',
    uploadToDrive: '1',
    timestamp: '2024-07-28T00:36:04.936Z'
  },
  {
    name: '노승국',
    crawl_object: '3',
    start_day: '20000101',
    end_day: '20240630',
    option_select: '2',
    keyword: '학교폭력',
    uploadToDrive: '1',
    timestamp: '2024-07-28T04:27:16.843Z'
  },
  {
    name: '노승국',
    crawl_object: '1',
    start_day: '20000101',
    end_day: '20140630',
    option_select: '2',
    keyword: '청소년 마약',
    uploadToDrive: '1',
    timestamp: '2024-07-28T10:42:00.208Z'
  },
  {
    name: 'admin',
    crawl_object: '1',
    start_day: '20230101',
    end_day: '20231231',
    option_select: '1',
    keyword: '자전거',
    uploadToDrive: '0',
    timestamp: '2024-07-31T06:11:47.230Z'
  },
  {
    name: 'admin',
    crawl_object: '2',
    start_day: '20230101',
    end_day: '20231231',
    option_select: '2',
    keyword: '무고죄',
    uploadToDrive: '0',
    timestamp: '2024-07-31T14:11:24.509Z'
  },
  {
    name: 'admin',
    crawl_object: '1',
    start_day: '20230101',
    end_day: '20230131',
    option_select: '1',
    keyword: '무고죄',
    uploadToDrive: '0',
    timestamp: '2024-08-01T15:05:24.491Z'
  },
  {
    name: 'admin',
    crawl_object: '1',
    start_day: '20230101',
    end_day: '20230131',
    option_select: '1',
    keyword: '무고죄',
    uploadToDrive: '0',
    timestamp: '2024-08-01T15:07:13.567Z'
  },
  {
    name: 'admin',
    crawl_object: '1',
    start_day: '20230101',
    end_day: '20231231',
    option_select: '1',
    keyword: '무고죄',
    uploadToDrive: '0',
    timestamp: '2024-08-01T15:47:20.323Z'
  },
  {
    name: 'admin',
    crawl_object: '1',
    start_day: '20230101',
    end_day: '20230101',
    option_select: '1',
    keyword: '아이패드',
    uploadToDrive: '0',
    timestamp: '2024-08-03T06:48:28.893Z'
  },
  {
    name: 'admin',
    crawl_object: '1',
    start_day: '20230102',
    end_day: '20230102',
    option_select: '1',
    keyword: '아이패드',
    uploadToDrive: '0',
    timestamp: '2024-08-03T06:49:22.977Z'
  },
  {
    name: 'admin',
    crawl_object: '1',
    start_day: '20230104',
    end_day: '20230104',
    option_select: '1',
    keyword: '아이패드',
    uploadToDrive: '0',
    timestamp: '2024-08-03T06:50:13.690Z'
  },
  {
    name: 'admin',
    crawl_object: '1',
    start_day: '20230103',
    end_day: '20230103',
    option_select: '1',
    keyword: '아이패드',
    uploadToDrive: '0',
    timestamp: '2024-08-03T06:50:56.520Z'
  },
  {
    name: 'admin',
    crawl_object: '1',
    start_day: '20230101',
    end_day: '20230101',
    option_select: '1',
    keyword: '아이패드',
    uploadToDrive: '0',
    timestamp: '2024-08-03T07:52:36.681Z'
  },
  {
    name: '최우철',
    crawl_object: '1',
    start_day: '20240801',
    end_day: '20240801',
    option_select: '1',
    keyword: '경찰 인사',
    uploadToDrive: '0',
    timestamp: '2024-08-03T13:31:50.651Z'
  },
  {
    name: 'admin',
    crawl_object: '1',
    start_day: '20230101',
    end_day: '20230101',
    option_select: '1',
    keyword: '파이썬',
    uploadToDrive: '0',
    timestamp: '2024-08-04T12:48:43.734Z'
  },
  {
    name: 'admin',
    crawl_object: '1',
    start_day: '20230101',
    end_day: '20230131',
    option_select: '1',
    keyword: '파이썬',
    uploadToDrive: '0',
    timestamp: '2024-08-04T13:02:28.954Z'
  }
]
Crawl data saved successfully.
[
  {
    "name": "노승국",
    "crawl_object": "1",
    "start_day": "20010101",
    "end_day": "20240630",
    "option_select": "2",
    "keyword": "\"중소기업\" + \"ESG\"",
    "uploadToDrive": "yes",
    "timestamp": "2024-07-07T15:01:59.840Z"
  },
  {
    "name": "노승국",
    "crawl_object": "1",
    "start_day": "20200101",
    "end_day": "20240630",
    "option_select": "1",
    "keyword": "학교폭력",
    "uploadToDrive": "1",
    "timestamp": "2024-07-21T05:12:03.863Z"
  },
  {
    "name": "노승국",
    "crawl_object": "3",
    "start_day": "20000101",
    "end_day": "20240630",
    "option_select": "2",
    "keyword": "학교폭력",
    "uploadToDrive": "1",
    "timestamp": "2024-07-27T00:07:40.201Z"
  },
  {
    "name": "노승국",
    "crawl_object": "4",
    "start_day": "20000101",
    "end_day": "20240630",
    "option_select": "2",
    "keyword": "교제폭력",
    "uploadToDrive": "1",
    "timestamp": "2024-07-27T03:13:31.635Z"
  },
  {
    "name": "노승국",
    "crawl_object": "1",
    "start_day": "20000101",
    "end_day": "20240630",
    "option_select": "1",
    "keyword": "학교폭력",
    "uploadToDrive": "1",
    "timestamp": "2024-07-27T21:05:42.588Z"
  },
  {
    "name": "노승국",
    "crawl_object": "4",
    "start_day": "20000101",
    "end_day": "20240630",
    "option_select": "2",
    "keyword": "ESG",
    "uploadToDrive": "1",
    "timestamp": "2024-07-28T00:36:04.936Z"
  },
  {
    "name": "노승국",
    "crawl_object": "3",
    "start_day": "20000101",
    "end_day": "20240630",
    "option_select": "2",
    "keyword": "학교폭력",
    "uploadToDrive": "1",
    "timestamp": "2024-07-28T04:27:16.843Z"
  },
  {
    "name": "노승국",
    "crawl_object": "1",
    "start_day": "20000101",
    "end_day": "20140630",
    "option_select": "2",
    "keyword": "청소년 마약",
    "uploadToDrive": "1",
    "timestamp": "2024-07-28T10:42:00.208Z"
  },
  {
    "name": "admin",
    "crawl_object": "1",
    "start_day": "20230101",
    "end_day": "20231231",
    "option_select": "1",
    "keyword": "자전거",
    "uploadToDrive": "0",
    "timestamp": "2024-07-31T06:11:47.230Z"
  },
  {
    "name": "admin",
    "crawl_object": "2",
    "start_day": "20230101",
    "end_day": "20231231",
    "option_select": "2",
    "keyword": "무고죄",
    "uploadToDrive": "0",
    "timestamp": "2024-07-31T14:11:24.509Z"
  },
  {
    "name": "admin",
    "crawl_object": "1",
    "start_day": "20230101",
    "end_day": "20230131",
    "option_select": "1",
    "keyword": "무고죄",
    "uploadToDrive": "0",
    "timestamp": "2024-08-01T15:05:24.491Z"
  },
  {
    "name": "admin",
    "crawl_object": "1",
    "start_day": "20230101",
    "end_day": "20230131",
    "option_select": "1",
    "keyword": "무고죄",
    "uploadToDrive": "0",
    "timestamp": "2024-08-01T15:07:13.567Z"
  },
  {
    "name": "admin",
    "crawl_object": "1",
    "start_day": "20230101",
    "end_day": "20231231",
    "option_select": "1",
    "keyword": "무고죄",
    "uploadToDrive": "0",
    "timestamp": "2024-08-01T15:47:20.323Z"
  },
  {
    "name": "admin",
    "crawl_object": "1",
    "start_day": "20230101",
    "end_day": "20230101",
    "option_select": "1",
    "keyword": "아이패드",
    "uploadToDrive": "0",
    "timestamp": "2024-08-03T06:48:28.893Z"
  },
  {
    "name": "admin",
    "crawl_object": "1",
    "start_day": "20230102",
    "end_day": "20230102",
    "option_select": "1",
    "keyword": "아이패드",
    "uploadToDrive": "0",
    "timestamp": "2024-08-03T06:49:22.977Z"
  },
  {
    "name": "admin",
    "crawl_object": "1",
    "start_day": "20230104",
    "end_day": "20230104",
    "option_select": "1",
    "keyword": "아이패드",
    "uploadToDrive": "0",
    "timestamp": "2024-08-03T06:50:13.690Z"
  },
  {
    "name": "admin",
    "crawl_object": "1",
    "start_day": "20230103",
    "end_day": "20230103",
    "option_select": "1",
    "keyword": "아이패드",
    "uploadToDrive": "0",
    "timestamp": "2024-08-03T06:50:56.520Z"
  },
  {
    "name": "admin",
    "crawl_object": "1",
    "start_day": "20230101",
    "end_day": "20230101",
    "option_select": "1",
    "keyword": "아이패드",
    "uploadToDrive": "0",
    "timestamp": "2024-08-03T07:52:36.681Z"
  },
  {
    "name": "최우철",
    "crawl_object": "1",
    "start_day": "20240801",
    "end_day": "20240801",
    "option_select": "1",
    "keyword": "경찰 인사",
    "uploadToDrive": "0",
    "timestamp": "2024-08-03T13:31:50.651Z"
  },
  {
    "name": "admin",
    "crawl_object": "1",
    "start_day": "20230101",
    "end_day": "20230101",
    "option_select": "1",
    "keyword": "파이썬",
    "uploadToDrive": "0",
    "timestamp": "2024-08-04T12:48:43.734Z"
  },
  {
    "name": "admin",
    "crawl_object": "1",
    "start_day": "20230101",
    "end_day": "20230131",
    "option_select": "1",
    "keyword": "파이썬",
    "uploadToDrive": "0",
    "timestamp": "2024-08-04T13:02:28.954Z"
  },
  {
    "name": "admin",
    "crawl_object": "1",
    "start_day": "20230101",
    "end_day": "20231231",
    "option_select": "1",
    "keyword": "파이썬",
    "uploadToDrive": "0",
    "timestamp": "2024-08-04T13:03:27.065Z"
  }
]
[
  {
    name: '노승국',
    crawl_object: '1',
    start_day: '20010101',
    end_day: '20240630',
    option_select: '2',
    keyword: '"중소기업" + "ESG"',
    uploadToDrive: 'yes',
    timestamp: '2024-07-07T15:01:59.840Z'
  },
  {
    name: '노승국',
    crawl_object: '1',
    start_day: '20200101',
    end_day: '20240630',
    option_select: '1',
    keyword: '학교폭력',
    uploadToDrive: '1',
    timestamp: '2024-07-21T05:12:03.863Z'
  },
  {
    name: '노승국',
    crawl_object: '3',
    start_day: '20000101',
    end_day: '20240630',
    option_select: '2',
    keyword: '학교폭력',
    uploadToDrive: '1',
    timestamp: '2024-07-27T00:07:40.201Z'
  },
  {
    name: '노승국',
    crawl_object: '4',
    start_day: '20000101',
    end_day: '20240630',
    option_select: '2',
    keyword: '교제폭력',
    uploadToDrive: '1',
    timestamp: '2024-07-27T03:13:31.635Z'
  },
  {
    name: '노승국',
    crawl_object: '1',
    start_day: '20000101',
    end_day: '20240630',
    option_select: '1',
    keyword: '학교폭력',
    uploadToDrive: '1',
    timestamp: '2024-07-27T21:05:42.588Z'
  },
  {
    name: '노승국',
    crawl_object: '4',
    start_day: '20000101',
    end_day: '20240630',
    option_select: '2',
    keyword: 'ESG',
    uploadToDrive: '1',
    timestamp: '2024-07-28T00:36:04.936Z'
  },
  {
    name: '노승국',
    crawl_object: '3',
    start_day: '20000101',
    end_day: '20240630',
    option_select: '2',
    keyword: '학교폭력',
    uploadToDrive: '1',
    timestamp: '2024-07-28T04:27:16.843Z'
  },
  {
    name: '노승국',
    crawl_object: '1',
    start_day: '20000101',
    end_day: '20140630',
    option_select: '2',
    keyword: '청소년 마약',
    uploadToDrive: '1',
    timestamp: '2024-07-28T10:42:00.208Z'
  },
  {
    name: 'admin',
    crawl_object: '1',
    start_day: '20230101',
    end_day: '20231231',
    option_select: '1',
    keyword: '자전거',
    uploadToDrive: '0',
    timestamp: '2024-07-31T06:11:47.230Z'
  },
  {
    name: 'admin',
    crawl_object: '2',
    start_day: '20230101',
    end_day: '20231231',
    option_select: '2',
    keyword: '무고죄',
    uploadToDrive: '0',
    timestamp: '2024-07-31T14:11:24.509Z'
  },
  {
    name: 'admin',
    crawl_object: '1',
    start_day: '20230101',
    end_day: '20230131',
    option_select: '1',
    keyword: '무고죄',
    uploadToDrive: '0',
    timestamp: '2024-08-01T15:05:24.491Z'
  },
  {
    name: 'admin',
    crawl_object: '1',
    start_day: '20230101',
    end_day: '20230131',
    option_select: '1',
    keyword: '무고죄',
    uploadToDrive: '0',
    timestamp: '2024-08-01T15:07:13.567Z'
  },
  {
    name: 'admin',
    crawl_object: '1',
    start_day: '20230101',
    end_day: '20231231',
    option_select: '1',
    keyword: '무고죄',
    uploadToDrive: '0',
    timestamp: '2024-08-01T15:47:20.323Z'
  },
  {
    name: 'admin',
    crawl_object: '1',
    start_day: '20230101',
    end_day: '20230101',
    option_select: '1',
    keyword: '아이패드',
    uploadToDrive: '0',
    timestamp: '2024-08-03T06:48:28.893Z'
  },
  {
    name: 'admin',
    crawl_object: '1',
    start_day: '20230102',
    end_day: '20230102',
    option_select: '1',
    keyword: '아이패드',
    uploadToDrive: '0',
    timestamp: '2024-08-03T06:49:22.977Z'
  },
  {
    name: 'admin',
    crawl_object: '1',
    start_day: '20230104',
    end_day: '20230104',
    option_select: '1',
    keyword: '아이패드',
    uploadToDrive: '0',
    timestamp: '2024-08-03T06:50:13.690Z'
  },
  {
    name: 'admin',
    crawl_object: '1',
    start_day: '20230103',
    end_day: '20230103',
    option_select: '1',
    keyword: '아이패드',
    uploadToDrive: '0',
    timestamp: '2024-08-03T06:50:56.520Z'
  },
  {
    name: 'admin',
    crawl_object: '1',
    start_day: '20230101',
    end_day: '20230101',
    option_select: '1',
    keyword: '아이패드',
    uploadToDrive: '0',
    timestamp: '2024-08-03T07:52:36.681Z'
  },
  {
    name: '최우철',
    crawl_object: '1',
    start_day: '20240801',
    end_day: '20240801',
    option_select: '1',
    keyword: '경찰 인사',
    uploadToDrive: '0',
    timestamp: '2024-08-03T13:31:50.651Z'
  },
  {
    name: 'admin',
    crawl_object: '1',
    start_day: '20230101',
    end_day: '20230101',
    option_select: '1',
    keyword: '파이썬',
    uploadToDrive: '0',
    timestamp: '2024-08-04T12:48:43.734Z'
  },
  {
    name: 'admin',
    crawl_object: '1',
    start_day: '20230101',
    end_day: '20230131',
    option_select: '1',
    keyword: '파이썬',
    uploadToDrive: '0',
    timestamp: '2024-08-04T13:02:28.954Z'
  },
  {
    name: 'admin',
    crawl_object: '1',
    start_day: '20230101',
    end_day: '20231231',
    option_select: '1',
    keyword: '파이썬',
    uploadToDrive: '0',
    timestamp: '2024-08-04T13:03:27.065Z'
  }
]
Crawl data saved successfully.
[
  {
    "name": "노승국",
    "crawl_object": "1",
    "start_day": "20010101",
    "end_day": "20240630",
    "option_select": "2",
    "keyword": "\"중소기업\" + \"ESG\"",
    "uploadToDrive": "yes",
    "timestamp": "2024-07-07T15:01:59.840Z"
  },
  {
    "name": "노승국",
    "crawl_object": "1",
    "start_day": "20200101",
    "end_day": "20240630",
    "option_select": "1",
    "keyword": "학교폭력",
    "uploadToDrive": "1",
    "timestamp": "2024-07-21T05:12:03.863Z"
  },
  {
    "name": "노승국",
    "crawl_object": "3",
    "start_day": "20000101",
    "end_day": "20240630",
    "option_select": "2",
    "keyword": "학교폭력",
    "uploadToDrive": "1",
    "timestamp": "2024-07-27T00:07:40.201Z"
  },
  {
    "name": "노승국",
    "crawl_object": "4",
    "start_day": "20000101",
    "end_day": "20240630",
    "option_select": "2",
    "keyword": "교제폭력",
    "uploadToDrive": "1",
    "timestamp": "2024-07-27T03:13:31.635Z"
  },
  {
    "name": "노승국",
    "crawl_object": "1",
    "start_day": "20000101",
    "end_day": "20240630",
    "option_select": "1",
    "keyword": "학교폭력",
    "uploadToDrive": "1",
    "timestamp": "2024-07-27T21:05:42.588Z"
  },
  {
    "name": "노승국",
    "crawl_object": "4",
    "start_day": "20000101",
    "end_day": "20240630",
    "option_select": "2",
    "keyword": "ESG",
    "uploadToDrive": "1",
    "timestamp": "2024-07-28T00:36:04.936Z"
  },
  {
    "name": "노승국",
    "crawl_object": "3",
    "start_day": "20000101",
    "end_day": "20240630",
    "option_select": "2",
    "keyword": "학교폭력",
    "uploadToDrive": "1",
    "timestamp": "2024-07-28T04:27:16.843Z"
  },
  {
    "name": "노승국",
    "crawl_object": "1",
    "start_day": "20000101",
    "end_day": "20140630",
    "option_select": "2",
    "keyword": "청소년 마약",
    "uploadToDrive": "1",
    "timestamp": "2024-07-28T10:42:00.208Z"
  },
  {
    "name": "admin",
    "crawl_object": "1",
    "start_day": "20230101",
    "end_day": "20231231",
    "option_select": "1",
    "keyword": "자전거",
    "uploadToDrive": "0",
    "timestamp": "2024-07-31T06:11:47.230Z"
  },
  {
    "name": "admin",
    "crawl_object": "2",
    "start_day": "20230101",
    "end_day": "20231231",
    "option_select": "2",
    "keyword": "무고죄",
    "uploadToDrive": "0",
    "timestamp": "2024-07-31T14:11:24.509Z"
  },
  {
    "name": "admin",
    "crawl_object": "1",
    "start_day": "20230101",
    "end_day": "20230131",
    "option_select": "1",
    "keyword": "무고죄",
    "uploadToDrive": "0",
    "timestamp": "2024-08-01T15:05:24.491Z"
  },
  {
    "name": "admin",
    "crawl_object": "1",
    "start_day": "20230101",
    "end_day": "20230131",
    "option_select": "1",
    "keyword": "무고죄",
    "uploadToDrive": "0",
    "timestamp": "2024-08-01T15:07:13.567Z"
  },
  {
    "name": "admin",
    "crawl_object": "1",
    "start_day": "20230101",
    "end_day": "20231231",
    "option_select": "1",
    "keyword": "무고죄",
    "uploadToDrive": "0",
    "timestamp": "2024-08-01T15:47:20.323Z"
  },
  {
    "name": "admin",
    "crawl_object": "1",
    "start_day": "20230101",
    "end_day": "20230101",
    "option_select": "1",
    "keyword": "아이패드",
    "uploadToDrive": "0",
    "timestamp": "2024-08-03T06:48:28.893Z"
  },
  {
    "name": "admin",
    "crawl_object": "1",
    "start_day": "20230102",
    "end_day": "20230102",
    "option_select": "1",
    "keyword": "아이패드",
    "uploadToDrive": "0",
    "timestamp": "2024-08-03T06:49:22.977Z"
  },
  {
    "name": "admin",
    "crawl_object": "1",
    "start_day": "20230104",
    "end_day": "20230104",
    "option_select": "1",
    "keyword": "아이패드",
    "uploadToDrive": "0",
    "timestamp": "2024-08-03T06:50:13.690Z"
  },
  {
    "name": "admin",
    "crawl_object": "1",
    "start_day": "20230103",
    "end_day": "20230103",
    "option_select": "1",
    "keyword": "아이패드",
    "uploadToDrive": "0",
    "timestamp": "2024-08-03T06:50:56.520Z"
  },
  {
    "name": "admin",
    "crawl_object": "1",
    "start_day": "20230101",
    "end_day": "20230101",
    "option_select": "1",
    "keyword": "아이패드",
    "uploadToDrive": "0",
    "timestamp": "2024-08-03T07:52:36.681Z"
  },
  {
    "name": "최우철",
    "crawl_object": "1",
    "start_day": "20240801",
    "end_day": "20240801",
    "option_select": "1",
    "keyword": "경찰 인사",
    "uploadToDrive": "0",
    "timestamp": "2024-08-03T13:31:50.651Z"
  },
  {
    "name": "admin",
    "crawl_object": "1",
    "start_day": "20230101",
    "end_day": "20230101",
    "option_select": "1",
    "keyword": "파이썬",
    "uploadToDrive": "0",
    "timestamp": "2024-08-04T12:48:43.734Z"
  },
  {
    "name": "admin",
    "crawl_object": "1",
    "start_day": "20230101",
    "end_day": "20230131",
    "option_select": "1",
    "keyword": "파이썬",
    "uploadToDrive": "0",
    "timestamp": "2024-08-04T13:02:28.954Z"
  },
  {
    "name": "admin",
    "crawl_object": "1",
    "start_day": "20230101",
    "end_day": "20231231",
    "option_select": "1",
    "keyword": "파이썬",
    "uploadToDrive": "0",
    "timestamp": "2024-08-04T13:03:27.065Z"
  },
  {
    "name": "admin",
    "crawl_object": "1",
    "start_day": "20230101",
    "end_day": "20230110",
    "option_select": "1",
    "keyword": "무고죄",
    "uploadToDrive": "0",
    "timestamp": "2024-08-04T16:50:40.808Z"
  }
]
[
  {
    name: '노승국',
    crawl_object: '1',
    start_day: '20010101',
    end_day: '20240630',
    option_select: '2',
    keyword: '"중소기업" + "ESG"',
    uploadToDrive: 'yes',
    timestamp: '2024-07-07T15:01:59.840Z'
  },
  {
    name: '노승국',
    crawl_object: '1',
    start_day: '20200101',
    end_day: '20240630',
    option_select: '1',
    keyword: '학교폭력',
    uploadToDrive: '1',
    timestamp: '2024-07-21T05:12:03.863Z'
  },
  {
    name: '노승국',
    crawl_object: '3',
    start_day: '20000101',
    end_day: '20240630',
    option_select: '2',
    keyword: '학교폭력',
    uploadToDrive: '1',
    timestamp: '2024-07-27T00:07:40.201Z'
  },
  {
    name: '노승국',
    crawl_object: '4',
    start_day: '20000101',
    end_day: '20240630',
    option_select: '2',
    keyword: '교제폭력',
    uploadToDrive: '1',
    timestamp: '2024-07-27T03:13:31.635Z'
  },
  {
    name: '노승국',
    crawl_object: '1',
    start_day: '20000101',
    end_day: '20240630',
    option_select: '1',
    keyword: '학교폭력',
    uploadToDrive: '1',
    timestamp: '2024-07-27T21:05:42.588Z'
  },
  {
    name: '노승국',
    crawl_object: '4',
    start_day: '20000101',
    end_day: '20240630',
    option_select: '2',
    keyword: 'ESG',
    uploadToDrive: '1',
    timestamp: '2024-07-28T00:36:04.936Z'
  },
  {
    name: '노승국',
    crawl_object: '3',
    start_day: '20000101',
    end_day: '20240630',
    option_select: '2',
    keyword: '학교폭력',
    uploadToDrive: '1',
    timestamp: '2024-07-28T04:27:16.843Z'
  },
  {
    name: '노승국',
    crawl_object: '1',
    start_day: '20000101',
    end_day: '20140630',
    option_select: '2',
    keyword: '청소년 마약',
    uploadToDrive: '1',
    timestamp: '2024-07-28T10:42:00.208Z'
  },
  {
    name: 'admin',
    crawl_object: '1',
    start_day: '20230101',
    end_day: '20231231',
    option_select: '1',
    keyword: '자전거',
    uploadToDrive: '0',
    timestamp: '2024-07-31T06:11:47.230Z'
  },
  {
    name: 'admin',
    crawl_object: '2',
    start_day: '20230101',
    end_day: '20231231',
    option_select: '2',
    keyword: '무고죄',
    uploadToDrive: '0',
    timestamp: '2024-07-31T14:11:24.509Z'
  },
  {
    name: 'admin',
    crawl_object: '1',
    start_day: '20230101',
    end_day: '20230131',
    option_select: '1',
    keyword: '무고죄',
    uploadToDrive: '0',
    timestamp: '2024-08-01T15:05:24.491Z'
  },
  {
    name: 'admin',
    crawl_object: '1',
    start_day: '20230101',
    end_day: '20230131',
    option_select: '1',
    keyword: '무고죄',
    uploadToDrive: '0',
    timestamp: '2024-08-01T15:07:13.567Z'
  },
  {
    name: 'admin',
    crawl_object: '1',
    start_day: '20230101',
    end_day: '20231231',
    option_select: '1',
    keyword: '무고죄',
    uploadToDrive: '0',
    timestamp: '2024-08-01T15:47:20.323Z'
  },
  {
    name: 'admin',
    crawl_object: '1',
    start_day: '20230101',
    end_day: '20230101',
    option_select: '1',
    keyword: '아이패드',
    uploadToDrive: '0',
    timestamp: '2024-08-03T06:48:28.893Z'
  },
  {
    name: 'admin',
    crawl_object: '1',
    start_day: '20230102',
    end_day: '20230102',
    option_select: '1',
    keyword: '아이패드',
    uploadToDrive: '0',
    timestamp: '2024-08-03T06:49:22.977Z'
  },
  {
    name: 'admin',
    crawl_object: '1',
    start_day: '20230104',
    end_day: '20230104',
    option_select: '1',
    keyword: '아이패드',
    uploadToDrive: '0',
    timestamp: '2024-08-03T06:50:13.690Z'
  },
  {
    name: 'admin',
    crawl_object: '1',
    start_day: '20230103',
    end_day: '20230103',
    option_select: '1',
    keyword: '아이패드',
    uploadToDrive: '0',
    timestamp: '2024-08-03T06:50:56.520Z'
  },
  {
    name: 'admin',
    crawl_object: '1',
    start_day: '20230101',
    end_day: '20230101',
    option_select: '1',
    keyword: '아이패드',
    uploadToDrive: '0',
    timestamp: '2024-08-03T07:52:36.681Z'
  },
  {
    name: '최우철',
    crawl_object: '1',
    start_day: '20240801',
    end_day: '20240801',
    option_select: '1',
    keyword: '경찰 인사',
    uploadToDrive: '0',
    timestamp: '2024-08-03T13:31:50.651Z'
  },
  {
    name: 'admin',
    crawl_object: '1',
    start_day: '20230101',
    end_day: '20230101',
    option_select: '1',
    keyword: '파이썬',
    uploadToDrive: '0',
    timestamp: '2024-08-04T12:48:43.734Z'
  },
  {
    name: 'admin',
    crawl_object: '1',
    start_day: '20230101',
    end_day: '20230131',
    option_select: '1',
    keyword: '파이썬',
    uploadToDrive: '0',
    timestamp: '2024-08-04T13:02:28.954Z'
  },
  {
    name: 'admin',
    crawl_object: '1',
    start_day: '20230101',
    end_day: '20231231',
    option_select: '1',
    keyword: '파이썬',
    uploadToDrive: '0',
    timestamp: '2024-08-04T13:03:27.065Z'
  },
  {
    name: 'admin',
    crawl_object: '1',
    start_day: '20230101',
    end_day: '20230110',
    option_select: '1',
    keyword: '무고죄',
    uploadToDrive: '0',
    timestamp: '2024-08-04T16:50:40.808Z'
  }
]
Crawl data saved successfully.
